GROUP,PACKAGE,CLASS,INSTRUCTION_MISSED,INSTRUCTION_COVERED,BRANCH_MISSED,BRANCH_COVERED,LINE_MISSED,LINE_COVERED,COMPLEXITY_MISSED,COMPLEXITY_COVERED,METHOD_MISSED,METHOD_COVERED
challenge,com.challenge.notifications,NotificationApplication,211,0,0,0,43,0,2,0,2,0
challenge,com.challenge.notifications.service,NotificationServiceImpl,12,164,3,12,2,36,3,19,0,13
challenge,com.challenge.notifications.model,NotificationEvent,143,21,30,0,1,4,22,4,7,4
challenge,com.challenge.notifications.model,RateLimitRule,129,21,24,0,2,4,20,4,8,4
challenge,com.challenge.notifications.model,TimeWindow,0,27,0,0,0,5,0,1,0,1
challenge,com.challenge.notifications.gateway,Gateway,10,0,0,0,3,0,2,0,2,0
