<?xml version="1.0" encoding="UTF-8"?>
<testsuite xmlns:xsi="http://www.w3.org/2001/XMLSchema-instance" xsi:noNamespaceSchemaLocation="https://maven.apache.org/surefire/maven-surefire-plugin/xsd/surefire-test-report-3.0.xsd" version="3.0" name="com.challenge.notifications.service.NotificationServiceTest" time="2.403" tests="6" errors="0" skipped="0" failures="0">
  <properties>
[...]
</properties>
  <testcase name="send_WithRuleWithinLimit_AllowsSend" classname="com.challenge.notifications.service.NotificationServiceTest" time="2.064"/>
  <testcase name="send_WithRuleExceeded_DoesNotSendBeyondLimit" classname="com.challenge.notifications.service.NotificationServiceTest" time="0.021">
    <system-out><![CDATA[Rate limit exceeded for STATUS notifications sent to user USER
]]></system-out>
  </testcase>
  <testcase name="send_DifferentUser_NotBlockedByAnotherUsersMessages" classname="com.challenge.notifications.service.NotificationServiceTest" time="0.001">
    <system-out><![CDATA[Rate limit exceeded for NEWS notifications sent to user USER
]]></system-out>
  </testcase>
  <testcase name="send_WhenOneRuleAllowsButAnotherBlocks_ShouldRespectStricterRule" classname="com.challenge.notifications.service.NotificationServiceTest" time="0.003">
    <system-out><![CDATA[Rate limit exceeded for UPDATE notifications sent to user USER
]]></system-out>
  </testcase>
  <testcase name="send_NoRules_SendsNotification" classname="com.challenge.notifications.service.NotificationServiceTest" time="0.0"/>
  <testcase name="send_OldEventsOutsideWindow_DoNotBlockWithinTimeWindow" classname="com.challenge.notifications.service.NotificationServiceTest" time="0.004"/>
</testsuite>